<?xml version="1.0" encoding="UTF-8"?>
<!-- Generated by org.testng.reporters.JUnitReportReporter -->
<testsuite hostname="LAPTOP-K8PVREI3" failures="0" tests="1" name="restAssured_API.responseValidation.StaticResponseValidationTest" time="2.726" errors="0" timestamp="2023-06-06T10:41:05 IST" skipped="0">
  <testcase classname="restAssured_API.responseValidation.StaticResponseValidationTest" name="staticResponseValidation" time="2.726"/>
  <system-out/>
</testsuite> <!-- restAssured_API.responseValidation.StaticResponseValidationTest -->
