<?xml version="1.0" encoding="UTF-8"?>
<!-- Generated by org.testng.reporters.JUnitReportReporter -->
<testsuite hostname="LAPTOP-K8PVREI3" failures="0" tests="1" name="restAssured_API.serializationAndDeserialization.Object_Serialization_Test" time="0.225" errors="0" timestamp="2023-06-08T10:40:52 IST" skipped="0">
  <testcase classname="restAssured_API.serializationAndDeserialization.Object_Serialization_Test" name="objectSerialize" time="0.225"/>
  <system-out/>
</testsuite> <!-- restAssured_API.serializationAndDeserialization.Object_Serialization_Test -->
