<?xml version="1.0" encoding="UTF-8"?>
<!-- Generated by org.testng.reporters.JUnitReportReporter -->
<testsuite hostname="LAPTOP-K8PVREI3" failures="0" tests="1" name="restAssured_API.requestChaining.RequestChainingTest" time="3.457" errors="0" timestamp="2023-06-06T10:19:30 IST" skipped="0">
  <testcase classname="restAssured_API.requestChaining.RequestChainingTest" name="requestChaining" time="3.457"/>
  <system-out/>
</testsuite> <!-- restAssured_API.requestChaining.RequestChainingTest -->
