<?xml version="1.0" encoding="UTF-8"?>
<!-- Generated by org.testng.reporters.JUnitReportReporter -->
<testsuite hostname="LAPTOP-K8PVREI3" failures="0" tests="1" name="restAssured_API.authentications.BasicAuthTest" time="2.009" errors="0" timestamp="2023-06-06T12:20:35 IST" skipped="0">
  <testcase classname="restAssured_API.authentications.BasicAuthTest" name="basicAUTH" time="2.009"/>
  <system-out/>
</testsuite> <!-- restAssured_API.authentications.BasicAuthTest -->
