<?xml version="1.0" encoding="UTF-8"?>
<!-- Generated by org.testng.reporters.JUnitReportReporter -->
<testsuite hostname="LAPTOP-K8PVREI3" failures="0" tests="1" name="restAssured_API.serializationAndDeserialization.Object_Deserialization_Test" time="0.234" errors="0" timestamp="2023-06-08T10:47:17 IST" skipped="0">
  <testcase classname="restAssured_API.serializationAndDeserialization.Object_Deserialization_Test" name="objectDeserialize" time="0.234"/>
  <system-out/>
</testsuite> <!-- restAssured_API.serializationAndDeserialization.Object_Deserialization_Test -->
