<?xml version="1.0" encoding="UTF-8"?>
<!-- Generated by org.testng.reporters.JUnitReportReporter -->
<testsuite hostname="LAPTOP-K8PVREI3" failures="0" tests="1" name="restAssured_API.serializationAndDeserialization.SchemaValidationTest" time="3.619" errors="0" timestamp="2023-06-07T17:34:22 IST" skipped="0">
  <testcase classname="restAssured_API.serializationAndDeserialization.SchemaValidationTest" name="schemaValid" time="3.619"/>
  <system-out/>
</testsuite> <!-- restAssured_API.serializationAndDeserialization.SchemaValidationTest -->
