<?xml version="1.0" encoding="UTF-8"?>
<!-- Generated by org.testng.reporters.JUnitReportReporter -->
<testsuite hostname="LAPTOP-K8PVREI3" failures="0" tests="1" name="restAssured_API.authentications.PreemptiveAuthTest" time="2.059" errors="0" timestamp="2023-06-06T12:24:15 IST" skipped="0">
  <testcase classname="restAssured_API.authentications.PreemptiveAuthTest" name="preemptiveAuth" time="2.059"/>
  <system-out/>
</testsuite> <!-- restAssured_API.authentications.PreemptiveAuthTest -->
