<?xml version="1.0" encoding="UTF-8"?>
<!-- Generated by org.testng.reporters.JUnitReportReporter -->
<testsuite hostname="LAPTOP-K8PVREI3" failures="0" tests="1" name="restAssured_API.crudWithBDD.CreateResourceTest" time="2.557" errors="0" timestamp="2023-06-05T13:20:54 IST" skipped="0">
  <testcase classname="restAssured_API.crudWithBDD.CreateResourceTest" name="createResource" time="2.557"/>
  <system-out/>
</testsuite> <!-- restAssured_API.crudWithBDD.CreateResourceTest -->
