<?xml version="1.0" encoding="UTF-8"?>
<!-- Generated by org.testng.reporters.JUnitReportReporter -->
<testsuite hostname="LAPTOP-K8PVREI3" failures="0" tests="1" name="restAssured_API.parameters.PathParameterTest" time="1.802" errors="0" timestamp="2023-06-05T16:10:35 IST" skipped="0">
  <testcase classname="restAssured_API.parameters.PathParameterTest" name="pathParamater" time="1.802"/>
  <system-out/>
</testsuite> <!-- restAssured_API.parameters.PathParameterTest -->
