<?xml version="1.0" encoding="UTF-8"?>
<!-- Generated by org.testng.reporters.JUnitReportReporter -->
<testsuite hostname="LAPTOP-K8PVREI3" failures="0" tests="1" name="restAssured_API.differentWaysToPost.PostUsingJSONFileTest" time="2.215" errors="0" timestamp="2023-06-05T15:16:41 IST" skipped="0">
  <testcase classname="restAssured_API.differentWaysToPost.PostUsingJSONFileTest" name="postUsingJSONFile" time="2.215"/>
  <system-out/>
</testsuite> <!-- restAssured_API.differentWaysToPost.PostUsingJSONFileTest -->
