<?xml version="1.0" encoding="UTF-8"?>
<!-- Generated by org.testng.reporters.JUnitReportReporter -->
<testsuite hostname="LAPTOP-K8PVREI3" failures="0" tests="1" name="restAssured_API.serializationAndDeserialization.Array_Deserialization_Test" time="0.226" errors="0" timestamp="2023-06-08T08:21:41 IST" skipped="0">
  <testcase classname="restAssured_API.serializationAndDeserialization.Array_Deserialization_Test" name="arrayDeserialize" time="0.226"/>
  <system-out/>
</testsuite> <!-- restAssured_API.serializationAndDeserialization.Array_Deserialization_Test -->
