<?xml version="1.0" encoding="UTF-8"?>
<!-- Generated by org.testng.reporters.JUnitReportReporter -->
<testsuite hostname="LAPTOP-K8PVREI3" failures="0" tests="1" name="restAssured_API.serializationAndDeserialization.Array_Serialization_Test" time="0.227" errors="0" timestamp="2023-06-07T17:54:26 IST" skipped="0">
  <testcase classname="restAssured_API.serializationAndDeserialization.Array_Serialization_Test" name="arraySerialize" time="0.227"/>
  <system-out/>
</testsuite> <!-- restAssured_API.serializationAndDeserialization.Array_Serialization_Test -->
