<?xml version="1.0" encoding="UTF-8"?>
<!-- Generated by org.testng.reporters.JUnitReportReporter -->
<testsuite hostname="LAPTOP-K8PVREI3" failures="0" tests="3" name="restAssured_API.dataProviders.DataProvidersTest" time="2.594" errors="0" timestamp="2023-06-06T11:08:46 IST" skipped="0">
  <testcase classname="restAssured_API.dataProviders.DataProvidersTest" name="dataProvider" time="2.417"/>
  <system-out/>
  <testcase classname="restAssured_API.dataProviders.DataProvidersTest" name="dataProvider" time="0.091"/>
  <system-out/>
  <testcase classname="restAssured_API.dataProviders.DataProvidersTest" name="dataProvider" time="0.086"/>
  <system-out/>
</testsuite> <!-- restAssured_API.dataProviders.DataProvidersTest -->
