<?xml version="1.0" encoding="UTF-8"?>
<!-- Generated by org.testng.reporters.JUnitReportReporter -->
<testsuite hostname="LAPTOP-K8PVREI3" failures="0" tests="1" name="restAssured_API.crudWithoutBDD.UpdateResourceTest" time="2.062" errors="0" timestamp="2023-06-05T12:25:05 IST" skipped="0">
  <testcase classname="restAssured_API.crudWithoutBDD.UpdateResourceTest" name="updateResource" time="2.062"/>
  <system-out/>
</testsuite> <!-- restAssured_API.crudWithoutBDD.UpdateResourceTest -->
