<?xml version="1.0" encoding="UTF-8"?>
<!-- Generated by org.testng.reporters.JUnitReportReporter -->
<testsuite hostname="LAPTOP-K8PVREI3" failures="0" tests="1" name="restAssured_API.crudWithoutBDD.FetchSingleResource" time="1.828" errors="0" timestamp="2023-06-05T12:25:32 IST" skipped="0">
  <testcase classname="restAssured_API.crudWithoutBDD.FetchSingleResource" name="fetchSingleResource" time="1.828"/>
  <system-out/>
</testsuite> <!-- restAssured_API.crudWithoutBDD.FetchSingleResource -->
