<?xml version="1.0" encoding="UTF-8"?>
<!-- Generated by org.testng.reporters.JUnitReportReporter -->
<testsuite hostname="LAPTOP-K8PVREI3" failures="0" tests="1" name="restAssured_API.serializationAndDeserialization.SerializationTest" time="0.230" errors="0" timestamp="2023-06-14T12:05:12 IST" skipped="0">
  <testcase classname="restAssured_API.serializationAndDeserialization.SerializationTest" name="serialization" time="0.230"/>
  <system-out/>
</testsuite> <!-- restAssured_API.serializationAndDeserialization.SerializationTest -->
