<?xml version="1.0" encoding="UTF-8"?>
<!-- Generated by org.testng.reporters.JUnitReportReporter -->
<testsuite hostname="LAPTOP-K8PVREI3" failures="0" tests="1" name="restAssured_API.crudWithBDD.FetchAllResourcesTest" time="2.008" errors="0" timestamp="2023-06-05T13:13:08 IST" skipped="0">
  <testcase classname="restAssured_API.crudWithBDD.FetchAllResourcesTest" name="fetchAllResources" time="2.008"/>
  <system-out/>
</testsuite> <!-- restAssured_API.crudWithBDD.FetchAllResourcesTest -->
