<?xml version="1.0" encoding="UTF-8"?>
<!-- Generated by org.testng.reporters.JUnitReportReporter -->
<testsuite hostname="LAPTOP-K8PVREI3" failures="0" tests="1" name="restAssured_API.coopAPI.COOP_AUTH_Test" time="3.660" errors="0" timestamp="2023-06-06T13:15:59 IST" skipped="0">
  <testcase classname="restAssured_API.coopAPI.COOP_AUTH_Test" name="coopAPI" time="3.660"/>
  <system-out/>
</testsuite> <!-- restAssured_API.coopAPI.COOP_AUTH_Test -->
