<?xml version="1.0" encoding="UTF-8"?>
<!-- Generated by org.testng.reporters.JUnitReportReporter -->
<testsuite hostname="LAPTOP-K8PVREI3" failures="0" tests="1" name="restAssured_API.differentWaysToPost.PostUsingHashmapTest" time="2.319" errors="0" timestamp="2023-06-05T15:23:48 IST" skipped="0">
  <testcase classname="restAssured_API.differentWaysToPost.PostUsingHashmapTest" name="postUsingHashmap" time="2.319"/>
  <system-out/>
</testsuite> <!-- restAssured_API.differentWaysToPost.PostUsingHashmapTest -->
