<?xml version="1.0" encoding="UTF-8"?>
<!-- Generated by org.testng.reporters.JUnitReportReporter -->
<testsuite hostname="LAPTOP-K8PVREI3" failures="0" tests="1" name="restAssured_API.authentications.BearerTokenTest" time="3.605" errors="0" timestamp="2023-06-06T12:34:12 IST" skipped="0">
  <testcase classname="restAssured_API.authentications.BearerTokenTest" name="bearerToken" time="3.605"/>
  <system-out/>
</testsuite> <!-- restAssured_API.authentications.BearerTokenTest -->
